üîó Found pyo3 bindings
üêç Found CPython 3.13 at /projects/bfdz/zluo8/tool_and_judge2/.venv/bin/python
    Finished `release` profile [optimized] target(s) in 0.68s
üìñ Found type stub file at codebase_rs.pyi
üì¶ Built wheel for CPython 3.13 to /tmp/.tmpEk8QJ3/codebase_rs-0.1.0-cp313-cp313-linux_x86_64.whl
üõ† Installed codebase_rs-0.1.0

thread '<unnamed>' panicked at src/tool/passes/pass_evaluate.rs:111:26:
Failed to load post translate output file: "Unable to open file tool/result/Qwen-Qwen3-8B/post_translate/[\"BFCL_v4_multiple\",\"zh\",\"fulltrans\",\"nopretrans\",\"nonoise\",\"noprompt\"].jsonl: No such file or directory (os error 2)"
note: run with `RUST_BACKTRACE=1` environment variable to display a backtrace
Traceback (most recent call last):
  File "/projects/bfdz/zluo8/tool_and_judge2/tool.py", line 424, in <module>
    asyncio.run(main_async())
    ~~~~~~~~~~~^^^^^^^^^^^^^^
  File "/sw/rh9.4/spack/v1.0.0/sw/linux-x86_64_v2/python-3.13.5-7bp2p4z/lib/python3.13/asyncio/runners.py", line 195, in run
    return runner.run(main)
           ~~~~~~~~~~^^^^^^
  File "/sw/rh9.4/spack/v1.0.0/sw/linux-x86_64_v2/python-3.13.5-7bp2p4z/lib/python3.13/asyncio/runners.py", line 118, in run
    return self._loop.run_until_complete(task)
           ~~~~~~~~~~~~~~~~~~~~~~~~~~~~~^^^^^^
  File "/sw/rh9.4/spack/v1.0.0/sw/linux-x86_64_v2/python-3.13.5-7bp2p4z/lib/python3.13/asyncio/base_events.py", line 725, in run_until_complete
    return future.result()
           ~~~~~~~~~~~~~^^
  File "/projects/bfdz/zluo8/tool_and_judge2/tool.py", line 365, in main_async
    pass_evaluate(config)
    ~~~~~~~~~~~~~^^^^^^^^
pyo3_runtime.PanicException: Failed to load post translate output file: "Unable to open file tool/result/Qwen-Qwen3-8B/post_translate/[\"BFCL_v4_multiple\",\"zh\",\"fulltrans\",\"nopretrans\",\"nonoise\",\"noprompt\"].jsonl: No such file or directory (os error 2)"
